#
# A fatal error has been detected by the Java Runtime Environment:
#
#  EXCEPTION_STACK_OVERFLOW (0xc00000fd) at pc=0x000000005ea73897, pid=9656, tid=0x00000000000017e4
#
# JRE version: Java(TM) SE Runtime Environment (8.0_151-b12) (build 1.8.0_151-b12)
# Java VM: Java HotSpot(TM) 64-Bit Server VM (25.151-b12 mixed mode windows-amd64 compressed oops)
# Problematic frame:
# V  [jvm.dll+0x213897]
#
# Failed to write core dump. Minidumps are not enabled by default on client versions of Windows
#
# If you would like to submit a bug report, please visit:
#   http://bugreport.java.com/bugreport/crash.jsp
#

---------------  T H R E A D  ---------------

Current thread (0x000000001b8fc800):  JavaThread "Thread-0" [_thread_in_vm, id=6116, stack(0x000000001d5e0000,0x000000001d6e0000)]

siginfo: ExceptionCode=0xc00000fd, ExceptionInformation=0x0000000000000001 0x000000001d6db190 

Registers:
RAX=0x000000001d6db190, RBX=0x0000000000000005, RCX=0x0000000000004000, RDX=0x0000000000000006
RSP=0x000000001d6df190, RBP=0x0000000000000000, RSI=0x000000001d6df190, RDI=0x0000000000000005
R8 =0x0000000000000006, R9 =0x000000001b8553e0, R10=0x0000000016bd2738, R11=0x000000001d5ea168
R12=0x000000001b8553e0, R13=0x000000001b8fc800, R14=0x000000001d6df258, R15=0x0000000016bd2738
RIP=0x000000005ea73897, EFLAGS=0x0000000000010206

Top of Stack: (sp=0x000000001d6df190)
0x000000001d6df190:   0000000000000000 00000001000069a0
0x000000001d6df1a0:   000000001b8fc800 000000001b8553e0
0x000000001d6df1b0:   00000000ffffffff 000000005ea747c7
0x000000001d6df1c0:   000000001d6df2c0 0000000016bd2738
0x000000001d6df1d0:   000000001b8fc800 000000005e920253
0x000000001d6df1e0:   000000001d6df220 000000001b8fc800
0x000000001d6df1f0:   000000001d6df2b0 000000001b8fc800
0x000000001d6df200:   0000000016bd2738 000000001b8fc800
0x000000001d6df210:   0000000002849a20 000000001b8fc800
0x000000001d6df220:   0000000016bd2738 000000001b8fc800
0x000000001d6df230:   00000000169adf98 000000001b8fc800
0x000000001d6df240:   0000000000000001 0000000016bd2738
0x000000001d6df250:   000000001b8fc800 000000001b5e7c90
0x000000001d6df260:   000000001b8fc800 000000005e9219bd
0x000000001d6df270:   000000001d6df578 00000001000069a0
0x000000001d6df280:   0000000100045730 000000005ea1f8d3 

Instructions: (pc=0x000000005ea73897)
0x000000005ea73877:   48 89 6c 24 30 33 ed 66 90 e8 2b 3b 08 00 ff c3
0x000000005ea73887:   48 63 c8 48 8b c6 48 0f af cf 48 ff c7 48 2b c1
0x000000005ea73897:   89 28 48 63 c3 48 3b 05 35 3e 59 00 7e db 48 8b
0x000000005ea738a7:   6c 24 30 48 8b 5c 24 38 48 8b 74 24 40 48 83 c4 


Register to memory mapping:

RAX=0x000000001d6db190 is pointing into the stack for thread: 0x000000001b8fc800
RBX=0x0000000000000005 is an unknown value
RCX=0x0000000000004000 is an unknown value
RDX=0x0000000000000006 is an unknown value
RSP=0x000000001d6df190 is pointing into the stack for thread: 0x000000001b8fc800
RBP=0x0000000000000000 is an unknown value
RSI=0x000000001d6df190 is pointing into the stack for thread: 0x000000001b8fc800
RDI=0x0000000000000005 is an unknown value
R8 =0x0000000000000006 is an unknown value
R9 =0x000000001b8553e0 is an unknown value
R10={method} {0x0000000016bd2740} 'run' '()V' in 'java/util/logging/LogManager$Cleaner'
R11=0x000000001d5ea168 is pointing into the stack for thread: 0x000000001b8fc800
R12=0x000000001b8553e0 is an unknown value
R13=0x000000001b8fc800 is a thread
R14=0x000000001d6df258 is pointing into the stack for thread: 0x000000001b8fc800
R15={method} {0x0000000016bd2740} 'run' '()V' in 'java/util/logging/LogManager$Cleaner'


Stack: [0x000000001d5e0000,0x000000001d6e0000],  sp=0x000000001d6df190,  free space=1020k
Native frames: (J=compiled Java code, j=interpreted, Vv=VM code, C=native code)


---------------  P R O C E S S  ---------------

Java Threads: ( => current thread )
=>0x000000001b8fc800 JavaThread "Thread-0" [_thread_in_vm, id=6116, stack(0x000000001d5e0000,0x000000001d6e0000)]
  0x0000000002738000 JavaThread "DestroyJavaVM" [_thread_blocked, id=1820, stack(0x0000000002630000,0x0000000002730000)]
  0x000000001b705800 JavaThread "localhost-startStop-1" daemon [_thread_blocked, id=9920, stack(0x000000001c9e0000,0x000000001cae0000)]
  0x000000001b689000 JavaThread "Tomcat-startStop-1" daemon [_thread_blocked, id=1088, stack(0x000000001c8e0000,0x000000001c9e0000)]
  0x0000000019b35000 JavaThread "RMI Scheduler(0)" daemon [_thread_blocked, id=8280, stack(0x000000001a710000,0x000000001a810000)]
  0x0000000019b34000 JavaThread "RMI TCP Connection(2)-192.168.30.25" daemon [_thread_in_native, id=12128, stack(0x000000001a610000,0x000000001a710000)]
  0x0000000019ac8800 JavaThread "RMI TCP Connection(1)-127.0.0.1" daemon [_thread_in_native, id=1324, stack(0x000000001a510000,0x000000001a610000)]
  0x00000000198fe800 JavaThread "RMI TCP Accept-0" daemon [_thread_in_native, id=8288, stack(0x0000000019e00000,0x0000000019f00000)]
  0x0000000019891000 JavaThread "RMI TCP Accept-59102" daemon [_thread_in_native, id=992, stack(0x0000000019d00000,0x0000000019e00000)]
  0x0000000019881000 JavaThread "RMI TCP Accept-0" daemon [_thread_in_native, id=1880, stack(0x0000000019c00000,0x0000000019d00000)]
  0x0000000017377000 JavaThread "Service Thread" daemon [_thread_blocked, id=5556, stack(0x0000000019300000,0x0000000019400000)]
  0x000000001877a800 JavaThread "C1 CompilerThread2" daemon [_thread_blocked, id=5040, stack(0x0000000019200000,0x0000000019300000)]
  0x000000001737d800 JavaThread "C2 CompilerThread1" daemon [_thread_blocked, id=11960, stack(0x0000000019100000,0x0000000019200000)]
  0x0000000017373800 JavaThread "C2 CompilerThread0" daemon [_thread_blocked, id=4436, stack(0x0000000019000000,0x0000000019100000)]
  0x0000000017365000 JavaThread "JDWP Command Reader" daemon [_thread_in_native, id=7900, stack(0x0000000018f00000,0x0000000019000000)]
  0x0000000017362000 JavaThread "JDWP Event Helper Thread" daemon [_thread_blocked, id=1440, stack(0x0000000018e00000,0x0000000018f00000)]
  0x000000001733c800 JavaThread "JDWP Transport Listener: dt_socket" daemon [_thread_blocked, id=2128, stack(0x0000000018d00000,0x0000000018e00000)]
  0x0000000017335000 JavaThread "Attach Listener" daemon [_thread_blocked, id=9172, stack(0x0000000018c00000,0x0000000018d00000)]
  0x0000000018743800 JavaThread "Signal Dispatcher" daemon [_thread_blocked, id=6276, stack(0x0000000018b00000,0x0000000018c00000)]
  0x000000001730e800 JavaThread "Finalizer" daemon [_thread_blocked, id=12092, stack(0x00000000185a0000,0x00000000186a0000)]
  0x0000000002828000 JavaThread "Reference Handler" daemon [_thread_blocked, id=6888, stack(0x00000000184a0000,0x00000000185a0000)]

Other Threads:
  0x00000000172e7800 VMThread [stack: 0x00000000183a0000,0x00000000184a0000] [id=6372]
  0x00000000198aa000 WatcherThread [stack: 0x0000000019f00000,0x000000001a000000] [id=10952]

VM state:not at safepoint (normal execution)

VM Mutex/Monitor currently owned by a thread: None

Heap:
 PSYoungGen      total 105472K, used 4503K [0x00000000d6000000, 0x00000000dd000000, 0x0000000100000000)
  eden space 97280K, 4% used [0x00000000d6000000,0x00000000d6465cb8,0x00000000dbf00000)
  from space 8192K, 0% used [0x00000000dc800000,0x00000000dc800000,0x00000000dd000000)
  to   space 8704K, 0% used [0x00000000dbf00000,0x00000000dbf00000,0x00000000dc780000)
 ParOldGen       total 56320K, used 15937K [0x0000000082000000, 0x0000000085700000, 0x00000000d6000000)
  object space 56320K, 28% used [0x0000000082000000,0x0000000082f907f0,0x0000000085700000)
 Metaspace       used 31057K, capacity 31410K, committed 31872K, reserved 1085440K
  class space    used 4050K, capacity 4168K, committed 4224K, reserved 1048576K

Card table byte_map: [0x0000000011bf0000,0x0000000011ff0000] byte_map_base: 0x00000000117e0000

Marking Bits: (ParMarkBitMap*) 0x000000005f07d850
 Begin Bits: [0x0000000012690000, 0x0000000014610000)
 End Bits:   [0x0000000014610000, 0x0000000016590000)

Polling page: 0x0000000000980000

CodeCache: size=245760Kb used=7647Kb max_used=7647Kb free=238112Kb
 bounds [0x0000000002830000, 0x0000000002fb0000, 0x0000000011830000]
 total_blobs=3831 nmethods=3425 adapters=326
 compilation: enabled

Compilation events (10 events):
Event: 4.216 Thread 0x000000001877a800 3423       1       org.springframework.boot.autoconfigure.condition.ConditionEvaluationReport$ConditionAndOutcomes::iterator (13 bytes)
Event: 4.216 Thread 0x000000001877a800 nmethod 3423 0x0000000002fa6a10 code [0x0000000002fa6ba0, 0x0000000002fa6eb8]
Event: 4.216 Thread 0x000000001877a800 3424       1       java.util.Calendar::getFirstDayOfWeek (5 bytes)
Event: 4.216 Thread 0x000000001877a800 nmethod 3424 0x0000000002fa7110 code [0x0000000002fa7260, 0x0000000002fa7370]
Event: 4.216 Thread 0x000000001877a800 3425       1       java.util.Calendar::getMinimalDaysInFirstWeek (5 bytes)
Event: 4.216 Thread 0x000000001877a800 nmethod 3425 0x0000000002fa73d0 code [0x0000000002fa7520, 0x0000000002fa7630]
Event: 4.219 Thread 0x000000001877a800 3426       1       sun.reflect.generics.repository.ClassRepository::getSuperclass (40 bytes)
Event: 4.219 Thread 0x000000001877a800 nmethod 3426 0x0000000002fa7690 code [0x0000000002fa7800, 0x0000000002fa7a48]
Event: 4.220 Thread 0x000000001877a800 3427       1       java.lang.StackTraceElement::getClassName (5 bytes)
Event: 4.220 Thread 0x000000001877a800 nmethod 3427 0x0000000002fa7c10 code [0x0000000002fa7d60, 0x0000000002fa7e70]

GC Heap History (10 events):
Event: 4.065 GC heap before
{Heap before GC invocations=19 (full 5):
 PSYoungGen      total 105472K, used 0K [0x00000000d6000000, 0x00000000dd000000, 0x0000000100000000)
  eden space 97280K, 0% used [0x00000000d6000000,0x00000000d6000000,0x00000000dbf00000)
  from space 8192K, 0% used [0x00000000dc800000,0x00000000dc800000,0x00000000dd000000)
  to   space 8704K, 0% used [0x00000000dbf00000,0x00000000dbf00000,0x00000000dc780000)
 ParOldGen       total 56320K, used 16279K [0x0000000082000000, 0x0000000085700000, 0x00000000d6000000)
  object space 56320K, 28% used [0x0000000082000000,0x0000000082fe5da0,0x0000000085700000)
 Metaspace       used 30877K, capacity 31170K, committed 31616K, reserved 1085440K
  class space    used 4019K, capacity 4112K, committed 4224K, reserved 1048576K
Event: 4.121 GC heap after
Heap after GC invocations=19 (full 5):
 PSYoungGen      total 105472K, used 0K [0x00000000d6000000, 0x00000000dd000000, 0x0000000100000000)
  eden space 97280K, 0% used [0x00000000d6000000,0x00000000d6000000,0x00000000dbf00000)
  from space 8192K, 0% used [0x00000000dc800000,0x00000000dc800000,0x00000000dd000000)
  to   space 8704K, 0% used [0x00000000dbf00000,0x00000000dbf00000,0x00000000dc780000)
 ParOldGen       total 56320K, used 16076K [0x0000000082000000, 0x0000000085700000, 0x00000000d6000000)
  object space 56320K, 28% used [0x0000000082000000,0x0000000082fb30c0,0x0000000085700000)
 Metaspace       used 30877K, capacity 31170K, committed 31616K, reserved 1081344K
  class space    used 4019K, capacity 4112K, committed 4224K, reserved 1048576K
}
Event: 4.122 GC heap before
{Heap before GC invocations=20 (full 5):
 PSYoungGen      total 105472K, used 1487K [0x00000000d6000000, 0x00000000dd000000, 0x0000000100000000)
  eden space 97280K, 1% used [0x00000000d6000000,0x00000000d6173c08,0x00000000dbf00000)
  from space 8192K, 0% used [0x00000000dc800000,0x00000000dc800000,0x00000000dd000000)
  to   space 8704K, 0% used [0x00000000dbf00000,0x00000000dbf00000,0x00000000dc780000)
 ParOldGen       total 56320K, used 16076K [0x0000000082000000, 0x0000000085700000, 0x00000000d6000000)
  object space 56320K, 28% used [0x0000000082000000,0x0000000082fb30c0,0x0000000085700000)
 Metaspace       used 30878K, capacity 31170K, committed 31616K, reserved 1087488K
  class space    used 4019K, capacity 4112K, committed 4224K, reserved 1048576K
Event: 4.123 GC heap after
Heap after GC invocations=20 (full 5):
 PSYoungGen      total 105984K, used 96K [0x00000000d6000000, 0x00000000dd000000, 0x0000000100000000)
  eden space 97280K, 0% used [0x00000000d6000000,0x00000000d6000000,0x00000000dbf00000)
  from space 8704K, 1% used [0x00000000dbf00000,0x00000000dbf18000,0x00000000dc780000)
  to   space 8192K, 0% used [0x00000000dc800000,0x00000000dc800000,0x00000000dd000000)
 ParOldGen       total 56320K, used 16076K [0x0000000082000000, 0x0000000085700000, 0x00000000d6000000)
  object space 56320K, 28% used [0x0000000082000000,0x0000000082fb30c0,0x0000000085700000)
 Metaspace       used 30878K, capacity 31170K, committed 31616K, reserved 1087488K
  class space    used 4019K, capacity 4112K, committed 4224K, reserved 1048576K
}
Event: 4.123 GC heap before
{Heap before GC invocations=21 (full 6):
 PSYoungGen      total 105984K, used 96K [0x00000000d6000000, 0x00000000dd000000, 0x0000000100000000)
  eden space 97280K, 0% used [0x00000000d6000000,0x00000000d6000000,0x00000000dbf00000)
  from space 8704K, 1% used [0x00000000dbf00000,0x00000000dbf18000,0x00000000dc780000)
  to   space 8192K, 0% used [0x00000000dc800000,0x00000000dc800000,0x00000000dd000000)
 ParOldGen       total 56320K, used 16076K [0x0000000082000000, 0x0000000085700000, 0x00000000d6000000)
  object space 56320K, 28% used [0x0000000082000000,0x0000000082fb30c0,0x0000000085700000)
 Metaspace       used 30878K, capacity 31170K, committed 31616K, reserved 1087488K
  class space    used 4019K, capacity 4112K, committed 4224K, reserved 1048576K
Event: 4.147 GC heap after
Heap after GC invocations=21 (full 6):
 PSYoungGen      total 105984K, used 0K [0x00000000d6000000, 0x00000000dd000000, 0x0000000100000000)
  eden space 97280K, 0% used [0x00000000d6000000,0x00000000d6000000,0x00000000dbf00000)
  from space 8704K, 0% used [0x00000000dbf00000,0x00000000dbf00000,0x00000000dc780000)
  to   space 8192K, 0% used [0x00000000dc800000,0x00000000dc800000,0x00000000dd000000)
 ParOldGen       total 56320K, used 15938K [0x0000000082000000, 0x0000000085700000, 0x00000000d6000000)
  object space 56320K, 28% used [0x0000000082000000,0x0000000082f90b00,0x0000000085700000)
 Metaspace       used 30878K, capacity 31170K, committed 31616K, reserved 1081344K
  class space    used 4019K, capacity 4112K, committed 4224K, reserved 1048576K
}
Event: 4.147 GC heap before
{Heap before GC invocations=22 (full 6):
 PSYoungGen      total 105984K, used 0K [0x00000000d6000000, 0x00000000dd000000, 0x0000000100000000)
  eden space 97280K, 0% used [0x00000000d6000000,0x00000000d6000000,0x00000000dbf00000)
  from space 8704K, 0% used [0x00000000dbf00000,0x00000000dbf00000,0x00000000dc780000)
  to   space 8192K, 0% used [0x00000000dc800000,0x00000000dc800000,0x00000000dd000000)
 ParOldGen       total 56320K, used 15938K [0x0000000082000000, 0x0000000085700000, 0x00000000d6000000)
  object space 56320K, 28% used [0x0000000082000000,0x0000000082f90b00,0x0000000085700000)
 Metaspace       used 30878K, capacity 31170K, committed 31616K, reserved 1085440K
  class space    used 4019K, capacity 4112K, committed 4224K, reserved 1048576K
Event: 4.149 GC heap after
Heap after GC invocations=22 (full 6):
 PSYoungGen      total 105472K, used 0K [0x00000000d6000000, 0x00000000dd000000, 0x0000000100000000)
  eden space 97280K, 0% used [0x00000000d6000000,0x00000000d6000000,0x00000000dbf00000)
  from space 8192K, 0% used [0x00000000dc800000,0x00000000dc800000,0x00000000dd000000)
  to   space 8704K, 0% used [0x00000000dbf00000,0x00000000dbf00000,0x00000000dc780000)
 ParOldGen       total 56320K, used 15938K [0x0000000082000000, 0x0000000085700000, 0x00000000d6000000)
  object space 56320K, 28% used [0x0000000082000000,0x0000000082f90b00,0x0000000085700000)
 Metaspace       used 30878K, capacity 31170K, committed 31616K, reserved 1085440K
  class space    used 4019K, capacity 4112K, committed 4224K, reserved 1048576K
}
Event: 4.149 GC heap before
{Heap before GC invocations=23 (full 7):
 PSYoungGen      total 105472K, used 0K [0x00000000d6000000, 0x00000000dd000000, 0x0000000100000000)
  eden space 97280K, 0% used [0x00000000d6000000,0x00000000d6000000,0x00000000dbf00000)
  from space 8192K, 0% used [0x00000000dc800000,0x00000000dc800000,0x00000000dd000000)
  to   space 8704K, 0% used [0x00000000dbf00000,0x00000000dbf00000,0x00000000dc780000)
 ParOldGen       total 56320K, used 15938K [0x0000000082000000, 0x0000000085700000, 0x00000000d6000000)
  object space 56320K, 28% used [0x0000000082000000,0x0000000082f90b00,0x0000000085700000)
 Metaspace       used 30878K, capacity 31170K, committed 31616K, reserved 1085440K
  class space    used 4019K, capacity 4112K, committed 4224K, reserved 1048576K
Event: 4.197 GC heap after
Heap after GC invocations=23 (full 7):
 PSYoungGen      total 105472K, used 0K [0x00000000d6000000, 0x00000000dd000000, 0x0000000100000000)
  eden space 97280K, 0% used [0x00000000d6000000,0x00000000d6000000,0x00000000dbf00000)
  from space 8192K, 0% used [0x00000000dc800000,0x00000000dc800000,0x00000000dd000000)
  to   space 8704K, 0% used [0x00000000dbf00000,0x00000000dbf00000,0x00000000dc780000)
 ParOldGen       total 56320K, used 15937K [0x0000000082000000, 0x0000000085700000, 0x00000000d6000000)
  object space 56320K, 28% used [0x0000000082000000,0x0000000082f907f0,0x0000000085700000)
 Metaspace       used 30878K, capacity 31170K, committed 31616K, reserved 1081344K
  class space    used 4019K, capacity 4112K, committed 4224K, reserved 1048576K
}

Deoptimization events (0 events):
No events

Internal exceptions (10 events):
Event: 4.217 Thread 0x0000000002738000 Exception <a 'java/lang/ArrayIndexOutOfBoundsException'> (0x00000000d62952c8) thrown at [C:\re\workspace\8-2-build-windows-amd64-cygwin\jdk8u151\9699\hotspot\src\share\vm\runtime\sharedRuntime.cpp, line 605]
Event: 4.217 Thread 0x0000000002738000 Exception <a 'java/lang/ArrayIndexOutOfBoundsException'> (0x00000000d62a89c8) thrown at [C:\re\workspace\8-2-build-windows-amd64-cygwin\jdk8u151\9699\hotspot\src\share\vm\runtime\sharedRuntime.cpp, line 605]
Event: 4.218 Thread 0x0000000002738000 Exception <a 'java/lang/ArrayIndexOutOfBoundsException'> (0x00000000d62be6c0) thrown at [C:\re\workspace\8-2-build-windows-amd64-cygwin\jdk8u151\9699\hotspot\src\share\vm\runtime\sharedRuntime.cpp, line 605]
Event: 4.218 Thread 0x0000000002738000 Exception <a 'java/lang/ArrayIndexOutOfBoundsException'> (0x00000000d62c8610) thrown at [C:\re\workspace\8-2-build-windows-amd64-cygwin\jdk8u151\9699\hotspot\src\share\vm\runtime\sharedRuntime.cpp, line 605]
Event: 4.218 Thread 0x0000000002738000 Exception <a 'java/lang/ArrayIndexOutOfBoundsException'> (0x00000000d62cadc8) thrown at [C:\re\workspace\8-2-build-windows-amd64-cygwin\jdk8u151\9699\hotspot\src\share\vm\runtime\sharedRuntime.cpp, line 605]
Event: 4.218 Thread 0x0000000002738000 Exception <a 'java/lang/ArrayIndexOutOfBoundsException'> (0x00000000d62dcf18) thrown at [C:\re\workspace\8-2-build-windows-amd64-cygwin\jdk8u151\9699\hotspot\src\share\vm\runtime\sharedRuntime.cpp, line 605]
Event: 4.219 Thread 0x0000000002738000 Exception <a 'java/lang/ArrayIndexOutOfBoundsException'> (0x00000000d62e1748) thrown at [C:\re\workspace\8-2-build-windows-amd64-cygwin\jdk8u151\9699\hotspot\src\share\vm\runtime\sharedRuntime.cpp, line 605]
Event: 4.219 Thread 0x0000000002738000 Exception <a 'java/lang/ArrayIndexOutOfBoundsException'> (0x00000000d62e3be8) thrown at [C:\re\workspace\8-2-build-windows-amd64-cygwin\jdk8u151\9699\hotspot\src\share\vm\runtime\sharedRuntime.cpp, line 605]
Event: 4.219 Thread 0x0000000002738000 Exception <a 'java/lang/ArrayIndexOutOfBoundsException'> (0x00000000d63012f8) thrown at [C:\re\workspace\8-2-build-windows-amd64-cygwin\jdk8u151\9699\hotspot\src\share\vm\runtime\sharedRuntime.cpp, line 605]
Event: 4.220 Thread 0x0000000002738000 Exception <a 'java/lang/OutOfMemoryError'> (0x00000000d631bee8) thrown at [C:\re\workspace\8-2-build-windows-amd64-cygwin\jdk8u151\9699\hotspot\src\share\vm\prims\jni.cpp, line 735]

Events (10 events):
Event: 4.225 Thread 0x0000000002738000 DEOPT UNPACKING pc=0x000000000287787f sp=0x000000000272d580 mode 1
Event: 4.225 Thread 0x0000000002738000 DEOPT PACKING pc=0x0000000002eaeb3c sp=0x000000000272d8f0
Event: 4.225 Thread 0x0000000002738000 DEOPT UNPACKING pc=0x000000000287787f sp=0x000000000272d700 mode 1
Event: 4.226 Thread 0x0000000002738000 Thread exited: 0x0000000002738000
Event: 4.226 Thread 0x0000000002738000 Thread added: 0x0000000002738000
Event: 4.226 loading class java/util/IdentityHashMap$KeySet
Event: 4.226 loading class java/util/IdentityHashMap$KeySet done
Event: 4.226 loading class java/util/IdentityHashMap$KeyIterator
Event: 4.226 loading class java/util/IdentityHashMap$KeyIterator done
Event: 4.226 Thread 0x000000001b8fc800 Thread added: 0x000000001b8fc800


Dynamic libraries:
0x00007ff672010000 - 0x00007ff672047000 	C:\Program Files\Java\jdk1.8.0_151\bin\java.exe
0x00007ff95ac10000 - 0x00007ff95adeb000 	C:\windows\SYSTEM32\ntdll.dll
0x00007ff9599c0000 - 0x00007ff959a6e000 	C:\windows\System32\KERNEL32.DLL
0x00007ff957800000 - 0x00007ff957a49000 	C:\windows\System32\KERNELBASE.dll
0x00007ff95a870000 - 0x00007ff95a911000 	C:\windows\System32\ADVAPI32.dll
0x00007ff958170000 - 0x00007ff95820d000 	C:\windows\System32\msvcrt.dll
0x00007ff95a770000 - 0x00007ff95a7c9000 	C:\windows\System32\sechost.dll
0x00007ff95aab0000 - 0x00007ff95abd5000 	C:\windows\System32\RPCRT4.dll
0x00007ff959e30000 - 0x00007ff959f7a000 	C:\windows\System32\USER32.dll
0x00007ff958150000 - 0x00007ff95816e000 	C:\windows\System32\win32u.dll
0x00007ff95a190000 - 0x00007ff95a1b7000 	C:\windows\System32\GDI32.dll
0x00007ff957230000 - 0x00007ff9573b8000 	C:\windows\System32\gdi32full.dll
0x00007ff957760000 - 0x00007ff9577fa000 	C:\windows\System32\msvcp_win.dll
0x00007ff957130000 - 0x00007ff957226000 	C:\windows\System32\ucrtbase.dll
0x00007ff948c20000 - 0x00007ff948e87000 	C:\windows\WinSxS\amd64_microsoft.windows.common-controls_6595b64144ccf1df_6.0.15063.483_none_26002d27e7c744a2\COMCTL32.dll
0x00007ff959a80000 - 0x00007ff959d79000 	C:\windows\System32\combase.dll
0x00007ff9575f0000 - 0x00007ff95765a000 	C:\windows\System32\bcryptPrimitives.dll
0x00007ff95abe0000 - 0x00007ff95ac0d000 	C:\windows\System32\IMM32.DLL
0x000000005f100000 - 0x000000005f1d2000 	C:\Program Files\Java\jdk1.8.0_151\jre\bin\msvcr100.dll
0x000000005e860000 - 0x000000005f0fd000 	C:\Program Files\Java\jdk1.8.0_151\jre\bin\server\jvm.dll
0x00007ff959a70000 - 0x00007ff959a78000 	C:\windows\System32\PSAPI.DLL
0x00007ff955630000 - 0x00007ff955653000 	C:\windows\SYSTEM32\WINMM.dll
0x00007ff94ba30000 - 0x00007ff94ba3a000 	C:\windows\SYSTEM32\VERSION.dll
0x00007ff9554c0000 - 0x00007ff9554eb000 	C:\windows\SYSTEM32\winmmbase.dll
0x00007ff957660000 - 0x00007ff9576a9000 	C:\windows\System32\cfgmgr32.dll
0x00007ff94ba20000 - 0x00007ff94ba29000 	C:\windows\SYSTEM32\WSOCK32.dll
0x00007ff959830000 - 0x00007ff95989c000 	C:\windows\System32\WS2_32.dll
0x000000005e850000 - 0x000000005e85f000 	C:\Program Files\Java\jdk1.8.0_151\jre\bin\verify.dll
0x000000005e820000 - 0x000000005e849000 	C:\Program Files\Java\jdk1.8.0_151\jre\bin\java.dll
0x000000005e780000 - 0x000000005e7b5000 	C:\Program Files\Java\jdk1.8.0_151\jre\bin\jdwp.dll
0x000000005e770000 - 0x000000005e778000 	C:\Program Files\Java\jdk1.8.0_151\jre\bin\npt.dll
0x000000005e800000 - 0x000000005e816000 	C:\Program Files\Java\jdk1.8.0_151\jre\bin\zip.dll
0x00007ff958210000 - 0x00007ff959647000 	C:\windows\System32\SHELL32.dll
0x00007ff959d80000 - 0x00007ff959e2a000 	C:\windows\System32\shcore.dll
0x00007ff957a50000 - 0x00007ff958143000 	C:\windows\System32\windows.storage.dll
0x00007ff95a130000 - 0x00007ff95a181000 	C:\windows\System32\shlwapi.dll
0x00007ff957110000 - 0x00007ff957121000 	C:\windows\System32\kernel.appcore.dll
0x00007ff9570a0000 - 0x00007ff9570ec000 	C:\windows\System32\powrprof.dll
0x00007ff957080000 - 0x00007ff957095000 	C:\windows\System32\profapi.dll
0x000000005e760000 - 0x000000005e769000 	C:\Program Files\Java\jdk1.8.0_151\jre\bin\dt_socket.dll
0x00007ff956900000 - 0x00007ff95695c000 	C:\windows\system32\mswsock.dll
0x000000005e750000 - 0x000000005e75d000 	C:\Program Files\Java\jdk1.8.0_151\jre\bin\management.dll
0x000000005e7e0000 - 0x000000005e7fa000 	C:\Program Files\Java\jdk1.8.0_151\jre\bin\net.dll
0x000000005e7c0000 - 0x000000005e7d1000 	C:\Program Files\Java\jdk1.8.0_151\jre\bin\nio.dll
0x00007ff948850000 - 0x00007ff948866000 	C:\windows\system32\napinsp.dll
0x00007ff948830000 - 0x00007ff94884a000 	C:\windows\system32\pnrpnsp.dll
0x00007ff953ec0000 - 0x00007ff953ed8000 	C:\windows\system32\NLAapi.dll
0x00007ff9566e0000 - 0x00007ff956784000 	C:\windows\SYSTEM32\DNSAPI.dll
0x00007ff959f80000 - 0x00007ff959f88000 	C:\windows\System32\NSI.dll
0x00007ff9566a0000 - 0x00007ff9566d7000 	C:\windows\SYSTEM32\IPHLPAPI.DLL
0x00007ff9487d0000 - 0x00007ff9487de000 	C:\windows\System32\winrnr.dll
0x00007ff951650000 - 0x00007ff95165a000 	C:\Windows\System32\rasadhlp.dll
0x00007ff9524a0000 - 0x00007ff95250b000 	C:\windows\System32\fwpuclnt.dll
0x00007ff956f50000 - 0x00007ff956f75000 	C:\windows\SYSTEM32\bcrypt.dll
0x00007ff956ab0000 - 0x00007ff956ac7000 	C:\windows\SYSTEM32\CRYPTSP.dll
0x00007ff956520000 - 0x00007ff956554000 	C:\windows\system32\rsaenh.dll
0x00007ff956fb0000 - 0x00007ff956fd9000 	C:\windows\SYSTEM32\USERENV.dll
0x00007ff956aa0000 - 0x00007ff956aab000 	C:\windows\SYSTEM32\CRYPTBASE.dll
0x00007ff953090000 - 0x00007ff9530a6000 	C:\windows\SYSTEM32\dhcpcsvc6.DLL
0x00007ff953000000 - 0x00007ff95301a000 	C:\windows\SYSTEM32\dhcpcsvc.DLL
0x00007ff949060000 - 0x00007ff949209000 	C:\windows\SYSTEM32\dbghelp.dll

VM Arguments:
jvm_args: -agentlib:jdwp=transport=dt_socket,address=127.0.0.1:59103,suspend=y,server=n -XX:TieredStopAtLevel=1 -Xverify:none -Dspring.output.ansi.enabled=always -Dcom.sun.management.jmxremote -Dcom.sun.management.jmxremote.port=59102 -Dcom.sun.management.jmxremote.authenticate=false -Dcom.sun.management.jmxremote.ssl=false -Dspring.liveBeansView.mbeanDomain -Dspring.application.admin.enabled=true -Dfile.encoding=UTF-8 
java_command: com.likui.eurekaserver.EurekaserverApplication
java_class_path (initial): C:\Program Files\Java\jdk1.8.0_151\jre\lib\charsets.jar;C:\Program Files\Java\jdk1.8.0_151\jre\lib\deploy.jar;C:\Program Files\Java\jdk1.8.0_151\jre\lib\ext\access-bridge-64.jar;C:\Program Files\Java\jdk1.8.0_151\jre\lib\ext\cldrdata.jar;C:\Program Files\Java\jdk1.8.0_151\jre\lib\ext\dnsns.jar;C:\Program Files\Java\jdk1.8.0_151\jre\lib\ext\jaccess.jar;C:\Program Files\Java\jdk1.8.0_151\jre\lib\ext\jfxrt.jar;C:\Program Files\Java\jdk1.8.0_151\jre\lib\ext\localedata.jar;C:\Program Files\Java\jdk1.8.0_151\jre\lib\ext\nashorn.jar;C:\Program Files\Java\jdk1.8.0_151\jre\lib\ext\sunec.jar;C:\Program Files\Java\jdk1.8.0_151\jre\lib\ext\sunjce_provider.jar;C:\Program Files\Java\jdk1.8.0_151\jre\lib\ext\sunmscapi.jar;C:\Program Files\Java\jdk1.8.0_151\jre\lib\ext\sunpkcs11.jar;C:\Program Files\Java\jdk1.8.0_151\jre\lib\ext\zipfs.jar;C:\Program Files\Java\jdk1.8.0_151\jre\lib\javaws.jar;C:\Program Files\Java\jdk1.8.0_151\jre\lib\jce.jar;C:\Program Files\Java\jdk1.8.0_151\jre\lib\jfr.jar;C:\Program Files\Java\jdk1.8.0_151\jre\lib\jfxswt.jar;C:\Program Files\Java\jdk1.8.0_151\jre\lib\jsse.jar;C:\Program Files\Java\jdk1.8.0_151\jre\lib\management-agent.jar;C:\Program Files\Java\jdk1.8.0_151\jre\lib\plugin.jar;C:\Program Files\Java\jdk1.8.0_151\jre\lib\resources.jar;C:\Program Files\Java\jdk1.8.0_151\jre\lib\rt.jar;D:\workspace\Spring-Cloud\SpringCloudDemo\eurekaserver\target\classes;C:\Users\Administrator\.m2\repository\org\springframework\cloud\spring-cloud-starter-eureka-server\1.3.5.RELEASE\spring-cloud-starter-eureka-server-1.3.5.RELEASE.jar;C:\Users\Administrator\.m2\repository\org\springframework\cloud\spring-cloud-starter\1.2.4.RELEASE\spring-cloud-starter-1.2.4.RELEASE.jar;C:\Users\Administrator\.m2\repository\org\springframework\boot\spring-boot-starter\1.5.8.RELEASE\spring-boot-starter-1.5.8.RELEASE.jar;C:\Users\Administrator\.m2\repository\org\springframework\boot\spring-boot-starter-logging\1.5.8.RELEASE\spring-boot-starter-logging-1.5.8.R
Launcher Type: SUN_STANDARD

Environment Variables:
JAVA_HOME=C:\Program Files\Java\jdk1.8.0_102
CLASSPATH=.;C:\Program Files\Java\jdk1.8.0_102\lib\dt.jar;C:\Program Files\Java\jdk1.8.0_102\lib\tools.jar
PATH=C:\ProgramData\Oracle\Java\javapath;C:\windows\system32;C:\windows;C:\windows\System32\Wbem;C:\windows\System32\WindowsPowerShell\v1.0\;C:\Program Files\Java\jdk1.8.0_102\bin;D:\work_Soft\nodeJS\;C:\javaEnv\maven-3.3.3\bin;C:\Program Files\Java\jdk1.8.0_102\bin;C:\Program Files\Java\jdk1.8.0_102\jre\bin;C:\Program Files\Git\cmd;C:\Program Files (x86)\IDM Computer Solutions\UltraEdit;C:\Program Files\IDM Computer Solutions\UltraCompare;C:\Users\Administrator\AppData\Local\Microsoft\WindowsApps;C:\Users\Administrator\AppData\Roaming\npm;C:\javaEnv\maven-3.3.3\bin;
USERNAME=Administrator
OS=Windows_NT
PROCESSOR_IDENTIFIER=Intel64 Family 6 Model 158 Stepping 9, GenuineIntel



---------------  S Y S T E M  ---------------

OS: Windows 10.0 , 64 bit Build 15063 (10.0.15063.296)

CPU:total 4 (initial active 4) (4 cores per cpu, 1 threads per core) family 6 model 158 stepping 9, cmov, cx8, fxsr, mmx, sse, sse2, sse3, ssse3, sse4.1, sse4.2, popcnt, avx, avx2, aes, clmul, erms, rtm, 3dnowpref, lzcnt, tsc, tscinvbit, bmi1, bmi2, adx

Memory: 4k page, physical 8251084k(467204k free), swap 10348236k(3148k free)

vm_info: Java HotSpot(TM) 64-Bit Server VM (25.151-b12) for windows-amd64 JRE (1.8.0_151-b12), built on Sep  5 2017 19:33:46 by "java_re" with MS VC++ 10.0 (VS2010)

time: Tue Nov 28 13:44:04 2017
elapsed time: 4 seconds (0d 0h 0m 4s)

